<?xml version="1.0" encoding="UTF-8"?>
<!-- Generated by org.testng.reporters.JUnitReportReporter -->
<testsuite hostname="Shri07" failures="0" tests="3" name="rahulshettyacademy.SubmitOrderTest" time="27.429" errors="0" timestamp="2024-02-29T22:57:09 IST" skipped="0">
  <testcase classname="rahulshettyacademy.SubmitOrderTest" name="orderHistoryTest" time="6.453"/>
  <testcase classname="rahulshettyacademy.SubmitOrderTest" name="submitOrder" time="11.366"/>
  <testcase classname="rahulshettyacademy.SubmitOrderTest" name="submitOrder" time="9.610"/>
</testsuite> <!-- rahulshettyacademy.SubmitOrderTest -->
