<?xml version="1.0" encoding="UTF-8"?>
<!-- Generated by org.testng.reporters.JUnitReportReporter -->
<testsuite hostname="Shri07" failures="0" tests="1" name="Cucumber.TestNGTestRunner" time="8.833" errors="0" timestamp="2024-02-29T23:14:50 IST" skipped="0">
  <testcase classname="Cucumber.TestNGTestRunner" name="runScenario" time="8.833"/>
</testsuite> <!-- Cucumber.TestNGTestRunner -->
