<?xml version="1.0" encoding="UTF-8"?>
<!-- Generated by org.testng.reporters.JUnitReportReporter -->
<testsuite hostname="Shri07" failures="0" tests="1" name="rahulshettyacademy.ExtentReportForSingleTest" time="3.575" errors="0" timestamp="2024-02-29T12:02:08 IST" skipped="0">
  <testcase classname="rahulshettyacademy.ExtentReportForSingleTest" name="launchBrowser" time="3.575"/>
</testsuite> <!-- rahulshettyacademy.ExtentReportForSingleTest -->
