<?xml version="1.0" encoding="UTF-8"?>
<!-- Generated by org.testng.reporters.JUnitReportReporter -->
<testsuite hostname="Shri07" failures="0" tests="1" name="Cucumber.TestNGTestRunner" time="9.599" errors="0" timestamp="2024-02-29T23:39:49 IST" skipped="0">
  <testcase classname="Cucumber.TestNGTestRunner" name="runScenario" time="9.599"/>
</testsuite> <!-- Cucumber.TestNGTestRunner -->
